{
  "summary": {
    "timestamp": "2025-03-29T22:43:43.499694",
    "total_duration": 35.54611301422119,
    "total_tests": 5,
    "passed": 3,
    "failed": 2,
    "errors": 0
  },
  "results": [
    {
      "name": "cpp_tests",
      "status": "PASSED",
      "duration": 1.2827489376068115,
      "output": "",
      "error": null
    },
    {
      "name": "CPU Tests",
      "status": "FAILED",
      "duration": 13.199522018432617,
      "output": "",
      "error": "test_add_numpy (test_array.TestArray.test_add_numpy) ... ok\ntest_api (test_array.TestArray.test_api) ... ok\ntest_array_at (test_array.TestArray.test_array_at) ... ok\ntest_array_basics (test_array.TestArray.test_array_basics) ... ok\ntest_array_comparison (test_array.TestArray.test_array_comparison) ... ok\ntest_array_copy (test_array.TestArray.test_array_copy) ... ok\ntest_array_from_noncontiguous_np (test_array.TestArray.test_array_from_noncontiguous_np) ... ok\ntest_array_iteration (test_array.TestArray.test_array_iteration) ... ok\ntest_array_namespace (test_array.TestArray.test_array_namespace) ... ok\ntest_array_neg (test_array.TestArray.test_array_neg) ... ok\ntest_array_np_conversion (test_array.TestArray.test_array_np_conversion) ... ok\ntest_array_np_dtype_conversion (test_array.TestArray.test_array_np_dtype_conversion) ... ok\ntest_array_np_shape_dim_check (test_array.TestArray.test_array_np_shape_dim_check) ... ok\ntest_array_pickle (test_array.TestArray.test_array_pickle) ... ok\ntest_array_repr (test_array.TestArray.test_array_repr) ... ok\ntest_array_to_list (test_array.TestArray.test_array_to_list) ... ok\ntest_array_type_cast (test_array.TestArray.test_array_type_cast) ... ok\ntest_array_view_ref_counting (test_array.TestArray.test_array_view_ref_counting) ... ok\ntest_bool_conversion (test_array.TestArray.test_bool_conversion) ... ok\ntest_buffer_protocol (test_array.TestArray.test_buffer_protocol) ... ok\ntest_buffer_protocol_ref_counting (test_array.TestArray.test_buffer_protocol_ref_counting) ... ok\ntest_buffer_protocol_tf (test_array.TestArray.test_buffer_protocol_tf) ... skipped 'requires TensorFlow'\ntest_construction_from_lists (test_array.TestArray.test_construction_from_lists) ... ok\ntest_construction_from_lists_of_mlx_arrays (test_array.TestArray.test_construction_from_lists_of_mlx_arrays) ... ok\ntest_deep_graphs (test_array.TestArray.test_deep_graphs) ... ok\ntest_dlpack (test_array.TestArray.test_dlpack) ... ok\ntest_dtype_promotion (test_array.TestArray.test_dtype_promotion) ... ok\ntest_dtype_python_scalar_promotion (test_array.TestArray.test_dtype_python_scalar_promotion) ... ok\ntest_format (test_array.TestArray.test_format) ... ok\ntest_getitem_with_list (test_array.TestArray.test_getitem_with_list) ... ok\ntest_indexing (test_array.TestArray.test_indexing) ... ok\ntest_indexing_grad (test_array.TestArray.test_indexing_grad) ... ok\ntest_init_from_array (test_array.TestArray.test_init_from_array) ... ok\ntest_inplace (test_array.TestArray.test_inplace) ... ok\ntest_inplace_preserves_ids (test_array.TestArray.test_inplace_preserves_ids) ... ok\ntest_int_type (test_array.TestArray.test_int_type) ... ok\ntest_load_from_pickled_np (test_array.TestArray.test_load_from_pickled_np) ... ok\ntest_logical_overloads (test_array.TestArray.test_logical_overloads) ... ok\ntest_memoryless_copy (test_array.TestArray.test_memoryless_copy) ... ok\ntest_multi_output_leak (test_array.TestArray.test_multi_output_leak) ... ok\ntest_np_array_conversion_copies_by_default (test_array.TestArray.test_np_array_conversion_copies_by_default) ... ok\ntest_scalar_integer_conversion_overflow (test_array.TestArray.test_scalar_integer_conversion_overflow) ... ok\ntest_setitem (test_array.TestArray.test_setitem) ... ok\ntest_setitem_with_list (test_array.TestArray.test_setitem_with_list) ... ok\ntest_siblings_without_eval (test_array.TestArray.test_siblings_without_eval) ... ok\ntest_slice_negative_step (test_array.TestArray.test_slice_negative_step) ... ok\ntest_to_scalar (test_array.TestArray.test_to_scalar) ... ok\ntest_dtypes (test_array.TestDtypes.test_dtypes) ... ok\ntest_finfo (test_array.TestDtypes.test_finfo) ... ok\ntest_iinfo (test_array.TestDtypes.test_iinfo) ... ok\ntest_scalar_conversion (test_array.TestDtypes.test_scalar_conversion) ... ok\ntest_array_eq_array (test_array.TestEquality.test_array_eq_array) ... ok\ntest_array_eq_scalar (test_array.TestEquality.test_array_eq_scalar) ... ok\ntest_list_equals_array (test_array.TestEquality.test_list_equals_array) ... ok\ntest_tuple_equals_array (test_array.TestEquality.test_tuple_equals_array) ... ok\ntest_array_ne_array (test_array.TestInequality.test_array_ne_array) ... ok\ntest_array_ne_scalar (test_array.TestInequality.test_array_ne_scalar) ... ok\ntest_dlx_device_type (test_array.TestInequality.test_dlx_device_type) ... ok\ntest_invalid_op_on_array (test_array.TestInequality.test_invalid_op_on_array) ... ok\ntest_list_not_equals_array (test_array.TestInequality.test_list_not_equals_array) ... ok\ntest_obj_inequality_array (test_array.TestInequality.test_obj_inequality_array) ... ok\ntest_tuple_not_equals_array (test_array.TestInequality.test_tuple_not_equals_array) ... ok\ntest_version (test_array.TestVersion.test_version) ... ok\ntest_auxiliary_values (test_autograd.TestAutograd.test_auxiliary_values) ... ok\ntest_captured (test_autograd.TestAutograd.test_captured) ... ok\ntest_complex_vjps (test_autograd.TestAutograd.test_complex_vjps) ... ok\ntest_concatenate_vjps (test_autograd.TestAutograd.test_concatenate_vjps) ... ok\ntest_cumprod_grad (test_autograd.TestAutograd.test_cumprod_grad) ... ok\ntest_custom_function (test_autograd.TestAutograd.test_custom_function) ... ok\ntest_eval_in_grad (test_autograd.TestAutograd.test_eval_in_grad) ... ok\ntest_flatten_unflatten_vjps (test_autograd.TestAutograd.test_flatten_unflatten_vjps) ... ok\ntest_grad (test_autograd.TestAutograd.test_grad) ... ok\ntest_grad_ids_pre_post (test_autograd.TestAutograd.test_grad_ids_pre_post) ... ok\ntest_grad_kwargs (test_autograd.TestAutograd.test_grad_kwargs) ... ok\ntest_grad_trees (test_autograd.TestAutograd.test_grad_trees) ... ok\ntest_grad_with_copies (test_autograd.TestAutograd.test_grad_with_copies) ... ok\ntest_grad_with_inplace_update (test_autograd.TestAutograd.test_grad_with_inplace_update) ... ok\ntest_jvp (test_autograd.TestAutograd.test_jvp) ... ok\ntest_leaks (test_autograd.TestAutograd.test_leaks) ... ok\ntest_matmul_jvps (test_autograd.TestAutograd.test_matmul_jvps) ... ok\ntest_power_grad (test_autograd.TestAutograd.test_power_grad) ... ok\ntest_put_along_axis_grads (test_autograd.TestAutograd.test_put_along_axis_grads) ... ok\ntest_scatter_max_vjp (test_autograd.TestAutograd.test_scatter_max_vjp) ... ok\ntest_scatter_min_vjp (test_autograd.TestAutograd.test_scatter_min_vjp) ... ok\ntest_scatter_vjp (test_autograd.TestAutograd.test_scatter_vjp) ... ok\ntest_slice_grads (test_autograd.TestAutograd.test_slice_grads) ... ok\ntest_split_against_slice (test_autograd.TestAutograd.test_split_against_slice) ... ok\ntest_stop_gradient (test_autograd.TestAutograd.test_stop_gradient) ... ok\ntest_topk_grad (test_autograd.TestAutograd.test_topk_grad) ... ok\ntest_update_state (test_autograd.TestAutograd.test_update_state) ... ok\ntest_vjp (test_autograd.TestAutograd.test_vjp) ... ok\ntest_vjp_types (test_autograd.TestAutograd.test_vjp_types) ... ok\ntest_arg_reduction_ops (test_bf16.TestBF16.test_arg_reduction_ops) ... ok\ntest_binary_ops (test_bf16.TestBF16.test_binary_ops) ... ok\ntest_blas_ops (test_bf16.TestBF16.test_blas_ops) ... ok\ntest_conversion (test_bf16.TestBF16.test_conversion) ... skipped 'requires PyTorch'\ntest_reduction_ops (test_bf16.TestBF16.test_reduction_ops) ... ok\ntest_unary_ops (test_bf16.TestBF16.test_unary_ops) ... ok\ntest_addmm (test_blas.TestBlas.test_addmm) ... ok\ntest_addmm_grad (test_blas.TestBlas.test_addmm_grad) ... ok\ntest_block_masked_matmul (test_blas.TestBlas.test_block_masked_matmul) ... ok\ntest_complex_gemm (test_blas.TestBlas.test_complex_gemm) ... ok\ntest_complex_gemv (test_blas.TestBlas.test_complex_gemv) ... ok\ntest_empty_matmul (test_blas.TestBlas.test_empty_matmul) ... ok\ntest_gather_matmul (test_blas.TestBlas.test_gather_matmul) ... ok\ntest_gather_matmul_grad (test_blas.TestBlas.test_gather_matmul_grad) ... ok\ntest_gemv_gemm_same_precision (test_blas.TestBlas.test_gemv_gemm_same_precision) ... ok\ntest_matmul (test_blas.TestBlas.test_matmul) ... ok\ntest_matmul_batched (test_blas.TestBlas.test_matmul_batched) ... ok\ntest_matmul_dtypes (test_blas.TestBlas.test_matmul_dtypes) ... ok\ntest_matmul_shapes (test_blas.TestBlas.test_matmul_shapes) ... ok\ntest_matmul_unaligned (test_blas.TestBlas.test_matmul_unaligned) ... ok\ntest_matrix_vector (test_blas.TestBlas.test_matrix_vector) ... ok\ntest_matrix_vector_attn (test_blas.TestBlas.test_matrix_vector_attn) ... ok\ntest_matrix_vector_batched (test_blas.TestBlas.test_matrix_vector_batched) ... ok\ntest_matrix_vector_broadcast (test_blas.TestBlas.test_matrix_vector_broadcast) ... ok\ntest_matrix_vector_edgecases (test_blas.TestBlas.test_matrix_vector_edgecases) ... ok\ntest_mismatch_stride_mm (test_blas.TestBlas.test_mismatch_stride_mm) ... ok\ntest_compile_broadcast_only (test_compile.TestCompile.test_compile_broadcast_only) ... ok\ntest_compile_capture (test_compile.TestCompile.test_compile_capture) ... ok\ntest_compile_create_list (test_compile.TestCompile.test_compile_create_list) ... ok\ntest_compile_dynamic_dims (test_compile.TestCompile.test_compile_dynamic_dims) ... ok\ntest_compile_grad (test_compile.TestCompile.test_compile_grad) ... ok\ntest_compile_inf (test_compile.TestCompile.test_compile_inf) ... ok\ntest_compile_inputs_with_primitives (test_compile.TestCompile.test_compile_inputs_with_primitives) ... ok\ntest_compile_kwargs (test_compile.TestCompile.test_compile_kwargs) ... ok\ntest_compile_many_inputs (test_compile.TestCompile.test_compile_many_inputs) ... ok\ntest_compile_many_outputs (test_compile.TestCompile.test_compile_many_outputs) ... ok\ntest_compile_multi_output (test_compile.TestCompile.test_compile_multi_output) ... ok\ntest_compile_rng (test_compile.TestCompile.test_compile_rng) ... ok\ntest_compile_shapeless_with_broadcast (test_compile.TestCompile.test_compile_shapeless_with_broadcast) ... ok\ntest_compile_two_input_grad (test_compile.TestCompile.test_compile_two_input_grad) ... ok\ntest_compile_vjp (test_compile.TestCompile.test_compile_vjp) ... ok\ntest_compile_with_closure (test_compile.TestCompile.test_compile_with_closure) ... ok\ntest_compile_with_constant (test_compile.TestCompile.test_compile_with_constant) ... ok\ntest_compile_with_long_name (test_compile.TestCompile.test_compile_with_long_name) ... ok\ntest_compile_without_captured_inputs (test_compile.TestCompile.test_compile_without_captured_inputs) ... ok\ntest_dtypes (test_compile.TestCompile.test_dtypes) ... ok\ntest_enable_disable (test_compile.TestCompile.test_enable_disable) ... ok\ntest_function_creates_array (test_compile.TestCompile.test_function_creates_array) ... ok\ntest_inf_constant (test_compile.TestCompile.test_inf_constant) ... ok\ntest_leaks (test_compile.TestCompile.test_leaks) ... ok\ntest_max_into_equal (test_compile.TestCompile.test_max_into_equal) ... ok\ntest_shapeless_compile (test_compile.TestCompile.test_shapeless_compile) ... ok\ntest_shapeless_compile_gather (test_compile.TestCompile.test_shapeless_compile_gather) ... ok\ntest_shapeless_compile_matmul (test_compile.TestCompile.test_shapeless_compile_matmul) ... ok\ntest_shapeless_compile_slice_update (test_compile.TestCompile.test_shapeless_compile_slice_update) ... ok\ntest_shapeless_compile_unflatten (test_compile.TestCompile.test_shapeless_compile_unflatten) ... ok\ntest_shapeless_compile_with_broadcasts (test_compile.TestCompile.test_shapeless_compile_with_broadcasts) ... ok\ntest_shapeless_compile_with_reduction (test_compile.TestCompile.test_shapeless_compile_with_reduction) ... ok\ntest_shapeless_compile_with_reshape (test_compile.TestCompile.test_shapeless_compile_with_reshape) ... ok\ntest_shapeless_mean (test_compile.TestCompile.test_shapeless_mean) ... ok\ntest_simple_compile (test_compile.TestCompile.test_simple_compile) ... ok\ntest_transform_over_eval_compiled (test_compile.TestCompile.test_transform_over_eval_compiled) ... ok\ntest_unsupported_input_types (test_compile.TestCompile.test_unsupported_input_types) ... ok\ntest_vjp_vjp_compiled (test_compile.TestCompile.test_vjp_vjp_compiled) ... ok\ntest_vmap_compiled (test_compile.TestCompile.test_vmap_compiled) ... ok\ntest_constants_availability (test_constants.TestConstants.test_constants_availability) ... ok\ntest_constants_values (test_constants.TestConstants.test_constants_values) ... ok\ntest_newaxis_for_reshaping_arrays (test_constants.TestConstants.test_newaxis_for_reshaping_arrays) ... ok\ntest_conv_1d_groups_flipped (test_conv.TestConv.test_conv_1d_groups_flipped) ... ok\ntest_conv_general_flip_grad (test_conv.TestConv.test_conv_general_flip_grad) ... ok\ntest_conv_groups_grad (test_conv.TestConv.test_conv_groups_grad) ... ok\ntest_numpy_conv (test_conv.TestConv.test_numpy_conv) ... ok\ntest_repeated_conv (test_conv.TestConv.test_repeated_conv) ... ok\ntest_torch_conv_1D (test_conv.TestConv.test_torch_conv_1D) ... skipped 'requires Torch'\ntest_torch_conv_1D_grad (test_conv.TestConv.test_torch_conv_1D_grad) ... skipped 'requires Torch'\ntest_torch_conv_2D (test_conv.TestConv.test_torch_conv_2D) ... skipped 'requires Torch'\ntest_torch_conv_2D_grad (test_conv.TestConv.test_torch_conv_2D_grad) ... skipped 'requires Torch'\ntest_torch_conv_3D (test_conv.TestConv.test_torch_conv_3D) ... skipped 'requires Torch'\ntest_torch_conv_3D_grad (test_conv.TestConv.test_torch_conv_3D_grad) ... skipped 'requires Torch'\ntest_torch_conv_general (test_conv.TestConv.test_torch_conv_general) ... skipped 'requires Torch'\ntest_torch_conv_transpose_1D (test_conv_transpose.TestConvTranspose.test_torch_conv_transpose_1D) ... skipped 'requires Torch'\ntest_torch_conv_transpose_1D_grad (test_conv_transpose.TestConvTranspose.test_torch_conv_transpose_1D_grad) ... skipped 'requires Torch'\ntest_torch_conv_transpose_2D (test_conv_transpose.TestConvTranspose.test_torch_conv_transpose_2D) ... skipped 'requires Torch'\ntest_torch_conv_transpose_2D_grad (test_conv_transpose.TestConvTranspose.test_torch_conv_transpose_2D_grad) ... skipped 'requires Torch'\ntest_torch_conv_transpose_3D (test_conv_transpose.TestConvTranspose.test_torch_conv_transpose_3D) ... skipped 'requires Torch'\ntest_torch_conv_transpose_3D_grad (test_conv_transpose.TestConvTranspose.test_torch_conv_transpose_3D_grad) ... skipped 'requires Torch'\ntest_mlx_default_device (test_device.TestDefaultDevice.test_mlx_default_device) ... ok\ntest_device (test_device.TestDevice.test_device) ... ok\ntest_device_context (test_device.TestDevice.test_device_context) ... ok\ntest_op_on_device (test_device.TestDevice.test_op_on_device) ... ok\ntest_op_on_stream (test_device.TestStream.test_op_on_stream) ... ok\ntest_stream (test_device.TestStream.test_stream) ... ok\ntest_binary_ops (test_double.TestDouble.test_binary_ops) ... ok\ntest_conversion (test_double.TestDouble.test_conversion) ... ok\ntest_gemm (test_double.TestDouble.test_gemm) ... ok\ntest_get_and_set_item (test_double.TestDouble.test_get_and_set_item) ... ok\ntest_lapack (test_double.TestDouble.test_lapack) ... ok\ntest_reductions (test_double.TestDouble.test_reductions) ... ok\ntest_type_promotion (test_double.TestDouble.test_type_promotion) ... ok\ntest_unary_ops (test_double.TestDouble.test_unary_ops) ... ok\ntest_where (test_double.TestDouble.test_where) ... ok\ntest_attention (test_einsum.TestEinsum.test_attention) ... ok\ntest_broadcasting (test_einsum.TestEinsum.test_broadcasting) ... ok\ntest_ellipses (test_einsum.TestEinsum.test_ellipses) ... ok\ntest_longer_paths (test_einsum.TestEinsum.test_longer_paths) ... ok\ntest_multi_input_einsum (test_einsum.TestEinsum.test_multi_input_einsum) ... ok\ntest_opt_einsum_test_cases (test_einsum.TestEinsum.test_opt_einsum_test_cases) ... ok\ntest_simple_einsum (test_einsum.TestEinsum.test_simple_einsum) ... ok\ntest_simple_path (test_einsum.TestEinsum.test_simple_path) ... ok\ntest_sum_first (test_einsum.TestEinsum.test_sum_first) ... ok\ntest_two_input_einsum (test_einsum.TestEinsum.test_two_input_einsum) ... ok\ntest_async_eval (test_eval.TestEval.test_async_eval) ... ok\ntest_async_eval_in_trace (test_eval.TestEval.test_async_eval_in_trace) ... ok\ntest_async_eval_into_eval (test_eval.TestEval.test_async_eval_into_eval) ... ok\ntest_async_eval_into_eval_diff_stream (test_eval.TestEval.test_async_eval_into_eval_diff_stream) ... ok\ntest_async_eval_twice (test_eval.TestEval.test_async_eval_twice) ... ok\ntest_async_eval_with_multiple_streams (test_eval.TestEval.test_async_eval_with_multiple_streams) ... ok\ntest_donation_for_noops (test_eval.TestEval.test_donation_for_noops) ... ok\ntest_eval (test_eval.TestEval.test_eval) ... ok\ntest_eval_mixed (test_eval.TestEval.test_eval_mixed) ... ok\ntest_eval_slow_fast_multi_stream (test_eval.TestEval.test_eval_slow_fast_multi_stream) ... ok\ntest_multi_output_eval_during_transform (test_eval.TestEval.test_multi_output_eval_during_transform) ... ok\ntest_multistream_deadlock (test_eval.TestEval.test_multistream_deadlock) ... ok\ntest_retain_graph (test_eval.TestEval.test_retain_graph) ... ok\ntest_basic_export_import (test_export_import.TestExportImport.test_basic_export_import) ... ok\ntest_export_random_sample (test_export_import.TestExportImport.test_export_random_sample) ... ok\ntest_export_variable_inputs (test_export_import.TestExportImport.test_export_variable_inputs) ... ok\ntest_export_with_kwargs (test_export_import.TestExportImport.test_export_with_kwargs) ... ok\ntest_leaks (test_export_import.TestExportImport.test_leaks) ... ok\ntest_custom_kernel_args (test_fast.TestFast.test_custom_kernel_args) ... ok\ntest_custom_kernel_attributes (test_fast.TestFast.test_custom_kernel_attributes) ... ok\ntest_custom_kernel_basic (test_fast.TestFast.test_custom_kernel_basic) ... ok\ntest_custom_kernel_helper (test_fast.TestFast.test_custom_kernel_helper) ... ok\ntest_custom_kernel_strides (test_fast.TestFast.test_custom_kernel_strides) ... ok\ntest_fast_transforms (test_fast.TestFast.test_fast_transforms) ... ok\ntest_layer_norm (test_fast.TestFast.test_layer_norm) ... ok\ntest_layer_norm_grad (test_fast.TestFast.test_layer_norm_grad) ... ok\ntest_layer_norm_grad_no_params (test_fast.TestFast.test_layer_norm_grad_no_params) ... ok\ntest_layer_norm_grad_params (test_fast.TestFast.test_layer_norm_grad_params) ... ok\ntest_rms_norm (test_fast.TestFast.test_rms_norm) ... ok\ntest_rms_norm_grad (test_fast.TestFast.test_rms_norm_grad) ... ok\ntest_rope (test_fast.TestFast.test_rope) ... ok\ntest_rope_grad (test_fast.TestFast.test_rope_grad) ... ok\ntest_rope_with_freqs (test_fast.TestFast.test_rope_with_freqs) ... ok\ntest_slice_into_layer_norm (test_fast.TestFast.test_slice_into_layer_norm) ... ok\ntest_fast_sdpa (test_fast_sdpa.TestFastSDPA.test_fast_sdpa) ... ok\ntest_fast_sdpa_few_query (test_fast_sdpa.TestFastSDPA.test_fast_sdpa_few_query) ... ok\ntest_fast_sdpa_vector (test_fast_sdpa.TestFastSDPA.test_fast_sdpa_vector) ... ok\ntest_fast_sdpa_vector_kv_transposed_head_seq (test_fast_sdpa.TestFastSDPA.test_fast_sdpa_vector_kv_transposed_head_seq) ... ok\ntest_fast_sdpa_vector_value_dims (test_fast_sdpa.TestFastSDPA.test_fast_sdpa_vector_value_dims) ... skipped 'Different head and value dims is not enabled'\ntest_fast_sdpa (test_fast_sdpa.TestFastSelfAttentionSDPA.test_fast_sdpa) ... ok\ntest_sdpa (test_fast_sdpa.TestSDPA.test_sdpa) ... ok\ntest_sdpa_broadcast_mask (test_fast_sdpa.TestSDPA.test_sdpa_broadcast_mask) ... ok\ntest_sdpa_prommote_mask (test_fast_sdpa.TestSDPA.test_sdpa_prommote_mask) ... ok\ntest_fft (test_fft.TestFFT.test_fft) ... ok\ntest_fft_big_powers_of_two (test_fft.TestFFT.test_fft_big_powers_of_two) ... ok\ntest_fft_contiguity (test_fft.TestFFT.test_fft_contiguity) ... ok\ntest_fft_exhaustive (test_fft.TestFFT.test_fft_exhaustive) ... skipped 'Too slow for CI but useful for local testing.'\ntest_fft_large_numbers (test_fft.TestFFT.test_fft_large_numbers) ... ok\ntest_fft_shared_mem (test_fft.TestFFT.test_fft_shared_mem) ... ok\ntest_fftn (test_fft.TestFFT.test_fftn) ... ok\ntest_to_dot (test_graph.TestGraph.test_to_dot) ... ok\ntest_constant (test_init.TestInit.test_constant) ... ok\ntest_glorot_normal (test_init.TestInit.test_glorot_normal) ... ok\ntest_glorot_uniform (test_init.TestInit.test_glorot_uniform) ... ok\ntest_he_normal (test_init.TestInit.test_he_normal) ... ok\ntest_he_uniform (test_init.TestInit.test_he_uniform) ... ok\ntest_identity (test_init.TestInit.test_identity) ... ok\ntest_normal (test_init.TestInit.test_normal) ... ok\ntest_orthogonal (test_init.TestInit.test_orthogonal) ... ok\ntest_sparse (test_init.TestInit.test_sparse) ... ok\ntest_uniform (test_init.TestInit.test_uniform) ... ok\ntest_cholesky (test_linalg.TestLinalg.test_cholesky) ... ok\ntest_cholesky_inv (test_linalg.TestLinalg.test_cholesky_inv) ... ok\ntest_complex_norm (test_linalg.TestLinalg.test_complex_norm) ... ok\ntest_cross_product (test_linalg.TestLinalg.test_cross_product) ... ok\ntest_eigh (test_linalg.TestLinalg.test_eigh) ... ok\ntest_inverse (test_linalg.TestLinalg.test_inverse) ... ok\ntest_lu (test_linalg.TestLinalg.test_lu) ... ok\ntest_lu_factor (test_linalg.TestLinalg.test_lu_factor) ... ok\ntest_norm (test_linalg.TestLinalg.test_norm) ... ok\ntest_pseudo_inverse (test_linalg.TestLinalg.test_pseudo_inverse) ... ok\ntest_qr_factorization (test_linalg.TestLinalg.test_qr_factorization) ... ok\ntest_solve (test_linalg.TestLinalg.test_solve) ... ok\ntest_solve_triangular (test_linalg.TestLinalg.test_solve_triangular) ... ok\ntest_svd_decomposition (test_linalg.TestLinalg.test_svd_decomposition) ... ok\ntest_tri_inverse (test_linalg.TestLinalg.test_tri_inverse) ... ok\ntest_load_donation (test_load.TestLoad.test_load_donation) ... ok\ntest_load_f8_e4m3 (test_load.TestLoad.test_load_f8_e4m3) ... ok\ntest_non_contiguous (test_load.TestLoad.test_non_contiguous) ... ok\ntest_save_and_load (test_load.TestLoad.test_save_and_load) ... ok\ntest_save_and_load_fs (test_load.TestLoad.test_save_and_load_fs) ... ok\ntest_save_and_load_gguf (test_load.TestLoad.test_save_and_load_gguf) ... ok\ntest_save_and_load_gguf_metadata_arrays (test_load.TestLoad.test_save_and_load_gguf_metadata_arrays) ... ok\ntest_save_and_load_gguf_metadata_basic (test_load.TestLoad.test_save_and_load_gguf_metadata_basic) ... ok\ntest_save_and_load_gguf_metadata_mixed (test_load.TestLoad.test_save_and_load_gguf_metadata_mixed) ... ok\ntest_save_and_load_safetensors (test_load.TestLoad.test_save_and_load_safetensors) ... ok\ntest_savez_and_loadz (test_load.TestLoad.test_savez_and_loadz) ... ok\ntest_binary_cross_entropy (test_losses.TestLosses.test_binary_cross_entropy) ... ok\ntest_cosine_similarity_loss (test_losses.TestLosses.test_cosine_similarity_loss) ... ok\ntest_cross_entropy (test_losses.TestLosses.test_cross_entropy) ... ok\ntest_gaussian_nll_loss (test_losses.TestLosses.test_gaussian_nll_loss) ... ok\ntest_hinge_loss (test_losses.TestLosses.test_hinge_loss) ... ok\ntest_huber_loss (test_losses.TestLosses.test_huber_loss) ... ok\ntest_kl_div_loss (test_losses.TestLosses.test_kl_div_loss) ... ok\ntest_l1_loss (test_losses.TestLosses.test_l1_loss) ... ok\ntest_log_cosh_loss (test_losses.TestLosses.test_log_cosh_loss) ... ok\ntest_margin_ranking_loss (test_losses.TestLosses.test_margin_ranking_loss) ... ok\ntest_mse_loss (test_losses.TestLosses.test_mse_loss) ... ok\ntest_nll_loss (test_losses.TestLosses.test_nll_loss) ... ok\ntest_smooth_l1_loss (test_losses.TestLosses.test_smooth_l1_loss) ... ok\ntest_triplet_loss (test_losses.TestLosses.test_triplet_loss) ... ok\ntest_memory_info (test_memory.TestMemory.test_memory_info) ... ok\ntest_wired_memory (test_memory.TestMemory.test_wired_memory) ... "
    },
    {
      "name": "GPU Tests",
      "status": "FAILED",
      "duration": 14.524842023849487,
      "output": "",
      "error": "2025-03-29 22:43:22.604 Python[75333:7261622] Metal API Validation Enabled\ntest_add_numpy (test_array.TestArray.test_add_numpy) ... ok\ntest_api (test_array.TestArray.test_api) ... ok\ntest_array_at (test_array.TestArray.test_array_at) ... ok\ntest_array_basics (test_array.TestArray.test_array_basics) ... ok\ntest_array_comparison (test_array.TestArray.test_array_comparison) ... ok\ntest_array_copy (test_array.TestArray.test_array_copy) ... ok\ntest_array_from_noncontiguous_np (test_array.TestArray.test_array_from_noncontiguous_np) ... ok\ntest_array_iteration (test_array.TestArray.test_array_iteration) ... ok\ntest_array_namespace (test_array.TestArray.test_array_namespace) ... ok\ntest_array_neg (test_array.TestArray.test_array_neg) ... ok\ntest_array_np_conversion (test_array.TestArray.test_array_np_conversion) ... ok\ntest_array_np_dtype_conversion (test_array.TestArray.test_array_np_dtype_conversion) ... ok\ntest_array_np_shape_dim_check (test_array.TestArray.test_array_np_shape_dim_check) ... ok\ntest_array_pickle (test_array.TestArray.test_array_pickle) ... ok\ntest_array_repr (test_array.TestArray.test_array_repr) ... ok\ntest_array_to_list (test_array.TestArray.test_array_to_list) ... ok\ntest_array_type_cast (test_array.TestArray.test_array_type_cast) ... ok\ntest_array_view_ref_counting (test_array.TestArray.test_array_view_ref_counting) ... ok\ntest_bool_conversion (test_array.TestArray.test_bool_conversion) ... ok\ntest_buffer_protocol (test_array.TestArray.test_buffer_protocol) ... ok\ntest_buffer_protocol_ref_counting (test_array.TestArray.test_buffer_protocol_ref_counting) ... ok\ntest_buffer_protocol_tf (test_array.TestArray.test_buffer_protocol_tf) ... skipped 'requires TensorFlow'\ntest_construction_from_lists (test_array.TestArray.test_construction_from_lists) ... ok\ntest_construction_from_lists_of_mlx_arrays (test_array.TestArray.test_construction_from_lists_of_mlx_arrays) ... ok\ntest_deep_graphs (test_array.TestArray.test_deep_graphs) ... ok\ntest_dlpack (test_array.TestArray.test_dlpack) ... ok\ntest_dtype_promotion (test_array.TestArray.test_dtype_promotion) ... ok\ntest_dtype_python_scalar_promotion (test_array.TestArray.test_dtype_python_scalar_promotion) ... ok\ntest_format (test_array.TestArray.test_format) ... ok\ntest_getitem_with_list (test_array.TestArray.test_getitem_with_list) ... ok\ntest_indexing (test_array.TestArray.test_indexing) ... ok\ntest_indexing_grad (test_array.TestArray.test_indexing_grad) ... ok\ntest_init_from_array (test_array.TestArray.test_init_from_array) ... ok\ntest_inplace (test_array.TestArray.test_inplace) ... ok\ntest_inplace_preserves_ids (test_array.TestArray.test_inplace_preserves_ids) ... ok\ntest_int_type (test_array.TestArray.test_int_type) ... ok\ntest_load_from_pickled_np (test_array.TestArray.test_load_from_pickled_np) ... ok\ntest_logical_overloads (test_array.TestArray.test_logical_overloads) ... ok\ntest_memoryless_copy (test_array.TestArray.test_memoryless_copy) ... ok\ntest_multi_output_leak (test_array.TestArray.test_multi_output_leak) ... ok\ntest_np_array_conversion_copies_by_default (test_array.TestArray.test_np_array_conversion_copies_by_default) ... ok\ntest_scalar_integer_conversion_overflow (test_array.TestArray.test_scalar_integer_conversion_overflow) ... ok\ntest_setitem (test_array.TestArray.test_setitem) ... ok\ntest_setitem_with_list (test_array.TestArray.test_setitem_with_list) ... ok\ntest_siblings_without_eval (test_array.TestArray.test_siblings_without_eval) ... ok\ntest_slice_negative_step (test_array.TestArray.test_slice_negative_step) ... ok\ntest_to_scalar (test_array.TestArray.test_to_scalar) ... ok\ntest_dtypes (test_array.TestDtypes.test_dtypes) ... ok\ntest_finfo (test_array.TestDtypes.test_finfo) ... ok\ntest_iinfo (test_array.TestDtypes.test_iinfo) ... ok\ntest_scalar_conversion (test_array.TestDtypes.test_scalar_conversion) ... ok\ntest_array_eq_array (test_array.TestEquality.test_array_eq_array) ... ok\ntest_array_eq_scalar (test_array.TestEquality.test_array_eq_scalar) ... ok\ntest_list_equals_array (test_array.TestEquality.test_list_equals_array) ... ok\ntest_tuple_equals_array (test_array.TestEquality.test_tuple_equals_array) ... ok\ntest_array_ne_array (test_array.TestInequality.test_array_ne_array) ... ok\ntest_array_ne_scalar (test_array.TestInequality.test_array_ne_scalar) ... ok\ntest_dlx_device_type (test_array.TestInequality.test_dlx_device_type) ... ok\ntest_invalid_op_on_array (test_array.TestInequality.test_invalid_op_on_array) ... ok\ntest_list_not_equals_array (test_array.TestInequality.test_list_not_equals_array) ... ok\ntest_obj_inequality_array (test_array.TestInequality.test_obj_inequality_array) ... ok\ntest_tuple_not_equals_array (test_array.TestInequality.test_tuple_not_equals_array) ... ok\ntest_version (test_array.TestVersion.test_version) ... ok\ntest_auxiliary_values (test_autograd.TestAutograd.test_auxiliary_values) ... ok\ntest_captured (test_autograd.TestAutograd.test_captured) ... ok\ntest_complex_vjps (test_autograd.TestAutograd.test_complex_vjps) ... ok\ntest_concatenate_vjps (test_autograd.TestAutograd.test_concatenate_vjps) ... ok\ntest_cumprod_grad (test_autograd.TestAutograd.test_cumprod_grad) ... ok\ntest_custom_function (test_autograd.TestAutograd.test_custom_function) ... ok\ntest_eval_in_grad (test_autograd.TestAutograd.test_eval_in_grad) ... ok\ntest_flatten_unflatten_vjps (test_autograd.TestAutograd.test_flatten_unflatten_vjps) ... ok\ntest_grad (test_autograd.TestAutograd.test_grad) ... ok\ntest_grad_ids_pre_post (test_autograd.TestAutograd.test_grad_ids_pre_post) ... ok\ntest_grad_kwargs (test_autograd.TestAutograd.test_grad_kwargs) ... ok\ntest_grad_trees (test_autograd.TestAutograd.test_grad_trees) ... ok\ntest_grad_with_copies (test_autograd.TestAutograd.test_grad_with_copies) ... ok\ntest_grad_with_inplace_update (test_autograd.TestAutograd.test_grad_with_inplace_update) ... ok\ntest_jvp (test_autograd.TestAutograd.test_jvp) ... ok\ntest_leaks (test_autograd.TestAutograd.test_leaks) ... ok\ntest_matmul_jvps (test_autograd.TestAutograd.test_matmul_jvps) ... ok\ntest_power_grad (test_autograd.TestAutograd.test_power_grad) ... ok\ntest_put_along_axis_grads (test_autograd.TestAutograd.test_put_along_axis_grads) ... ok\ntest_scatter_max_vjp (test_autograd.TestAutograd.test_scatter_max_vjp) ... ok\ntest_scatter_min_vjp (test_autograd.TestAutograd.test_scatter_min_vjp) ... ok\ntest_scatter_vjp (test_autograd.TestAutograd.test_scatter_vjp) ... ok\ntest_slice_grads (test_autograd.TestAutograd.test_slice_grads) ... ok\ntest_split_against_slice (test_autograd.TestAutograd.test_split_against_slice) ... ok\ntest_stop_gradient (test_autograd.TestAutograd.test_stop_gradient) ... ok\ntest_topk_grad (test_autograd.TestAutograd.test_topk_grad) ... ok\ntest_update_state (test_autograd.TestAutograd.test_update_state) ... ok\ntest_vjp (test_autograd.TestAutograd.test_vjp) ... ok\ntest_vjp_types (test_autograd.TestAutograd.test_vjp_types) ... ok\ntest_arg_reduction_ops (test_bf16.TestBF16.test_arg_reduction_ops) ... ok\ntest_binary_ops (test_bf16.TestBF16.test_binary_ops) ... ok\ntest_blas_ops (test_bf16.TestBF16.test_blas_ops) ... ok\ntest_conversion (test_bf16.TestBF16.test_conversion) ... skipped 'requires PyTorch'\ntest_reduction_ops (test_bf16.TestBF16.test_reduction_ops) ... ok\ntest_unary_ops (test_bf16.TestBF16.test_unary_ops) ... ok\ntest_addmm (test_blas.TestBlas.test_addmm) ... ok\ntest_addmm_grad (test_blas.TestBlas.test_addmm_grad) ... ok\ntest_block_masked_matmul (test_blas.TestBlas.test_block_masked_matmul) ... ok\ntest_complex_gemm (test_blas.TestBlas.test_complex_gemm) ... ok\ntest_complex_gemv (test_blas.TestBlas.test_complex_gemv) ... ok\ntest_empty_matmul (test_blas.TestBlas.test_empty_matmul) ... ok\ntest_gather_matmul (test_blas.TestBlas.test_gather_matmul) ... ok\ntest_gather_matmul_grad (test_blas.TestBlas.test_gather_matmul_grad) ... ok\ntest_gemv_gemm_same_precision (test_blas.TestBlas.test_gemv_gemm_same_precision) ... ok\ntest_matmul (test_blas.TestBlas.test_matmul) ... ok\ntest_matmul_batched (test_blas.TestBlas.test_matmul_batched) ... ok\ntest_matmul_dtypes (test_blas.TestBlas.test_matmul_dtypes) ... ok\ntest_matmul_shapes (test_blas.TestBlas.test_matmul_shapes) ... ok\ntest_matmul_unaligned (test_blas.TestBlas.test_matmul_unaligned) ... ok\ntest_matrix_vector (test_blas.TestBlas.test_matrix_vector) ... ok\ntest_matrix_vector_attn (test_blas.TestBlas.test_matrix_vector_attn) ... ok\ntest_matrix_vector_batched (test_blas.TestBlas.test_matrix_vector_batched) ... ok\ntest_matrix_vector_broadcast (test_blas.TestBlas.test_matrix_vector_broadcast) ... ok\ntest_matrix_vector_edgecases (test_blas.TestBlas.test_matrix_vector_edgecases) ... ok\ntest_mismatch_stride_mm (test_blas.TestBlas.test_mismatch_stride_mm) ... ok\ntest_compile_broadcast_only (test_compile.TestCompile.test_compile_broadcast_only) ... ok\ntest_compile_capture (test_compile.TestCompile.test_compile_capture) ... ok\ntest_compile_create_list (test_compile.TestCompile.test_compile_create_list) ... ok\ntest_compile_dynamic_dims (test_compile.TestCompile.test_compile_dynamic_dims) ... ok\ntest_compile_grad (test_compile.TestCompile.test_compile_grad) ... ok\ntest_compile_inf (test_compile.TestCompile.test_compile_inf) ... ok\ntest_compile_inputs_with_primitives (test_compile.TestCompile.test_compile_inputs_with_primitives) ... ok\ntest_compile_kwargs (test_compile.TestCompile.test_compile_kwargs) ... ok\ntest_compile_many_inputs (test_compile.TestCompile.test_compile_many_inputs) ... ok\ntest_compile_many_outputs (test_compile.TestCompile.test_compile_many_outputs) ... ok\ntest_compile_multi_output (test_compile.TestCompile.test_compile_multi_output) ... ok\ntest_compile_rng (test_compile.TestCompile.test_compile_rng) ... ok\ntest_compile_shapeless_with_broadcast (test_compile.TestCompile.test_compile_shapeless_with_broadcast) ... ok\ntest_compile_two_input_grad (test_compile.TestCompile.test_compile_two_input_grad) ... ok\ntest_compile_vjp (test_compile.TestCompile.test_compile_vjp) ... ok\ntest_compile_with_closure (test_compile.TestCompile.test_compile_with_closure) ... ok\ntest_compile_with_constant (test_compile.TestCompile.test_compile_with_constant) ... ok\ntest_compile_with_long_name (test_compile.TestCompile.test_compile_with_long_name) ... ok\ntest_compile_without_captured_inputs (test_compile.TestCompile.test_compile_without_captured_inputs) ... ok\ntest_dtypes (test_compile.TestCompile.test_dtypes) ... ok\ntest_enable_disable (test_compile.TestCompile.test_enable_disable) ... ok\ntest_function_creates_array (test_compile.TestCompile.test_function_creates_array) ... ok\ntest_inf_constant (test_compile.TestCompile.test_inf_constant) ... ok\ntest_leaks (test_compile.TestCompile.test_leaks) ... ok\ntest_max_into_equal (test_compile.TestCompile.test_max_into_equal) ... ok\ntest_shapeless_compile (test_compile.TestCompile.test_shapeless_compile) ... ok\ntest_shapeless_compile_gather (test_compile.TestCompile.test_shapeless_compile_gather) ... ok\ntest_shapeless_compile_matmul (test_compile.TestCompile.test_shapeless_compile_matmul) ... ok\ntest_shapeless_compile_slice_update (test_compile.TestCompile.test_shapeless_compile_slice_update) ... ok\ntest_shapeless_compile_unflatten (test_compile.TestCompile.test_shapeless_compile_unflatten) ... ok\ntest_shapeless_compile_with_broadcasts (test_compile.TestCompile.test_shapeless_compile_with_broadcasts) ... ok\ntest_shapeless_compile_with_reduction (test_compile.TestCompile.test_shapeless_compile_with_reduction) ... ok\ntest_shapeless_compile_with_reshape (test_compile.TestCompile.test_shapeless_compile_with_reshape) ... ok\ntest_shapeless_mean (test_compile.TestCompile.test_shapeless_mean) ... ok\ntest_simple_compile (test_compile.TestCompile.test_simple_compile) ... ok\ntest_transform_over_eval_compiled (test_compile.TestCompile.test_transform_over_eval_compiled) ... ok\ntest_unsupported_input_types (test_compile.TestCompile.test_unsupported_input_types) ... ok\ntest_vjp_vjp_compiled (test_compile.TestCompile.test_vjp_vjp_compiled) ... ok\ntest_vmap_compiled (test_compile.TestCompile.test_vmap_compiled) ... ok\ntest_constants_availability (test_constants.TestConstants.test_constants_availability) ... ok\ntest_constants_values (test_constants.TestConstants.test_constants_values) ... ok\ntest_newaxis_for_reshaping_arrays (test_constants.TestConstants.test_newaxis_for_reshaping_arrays) ... ok\ntest_conv_1d_groups_flipped (test_conv.TestConv.test_conv_1d_groups_flipped) ... ok\ntest_conv_general_flip_grad (test_conv.TestConv.test_conv_general_flip_grad) ... ok\ntest_conv_groups_grad (test_conv.TestConv.test_conv_groups_grad) ... ok\ntest_numpy_conv (test_conv.TestConv.test_numpy_conv) ... ok\ntest_repeated_conv (test_conv.TestConv.test_repeated_conv) ... ok\ntest_torch_conv_1D (test_conv.TestConv.test_torch_conv_1D) ... skipped 'requires Torch'\ntest_torch_conv_1D_grad (test_conv.TestConv.test_torch_conv_1D_grad) ... skipped 'requires Torch'\ntest_torch_conv_2D (test_conv.TestConv.test_torch_conv_2D) ... skipped 'requires Torch'\ntest_torch_conv_2D_grad (test_conv.TestConv.test_torch_conv_2D_grad) ... skipped 'requires Torch'\ntest_torch_conv_3D (test_conv.TestConv.test_torch_conv_3D) ... skipped 'requires Torch'\ntest_torch_conv_3D_grad (test_conv.TestConv.test_torch_conv_3D_grad) ... skipped 'requires Torch'\ntest_torch_conv_general (test_conv.TestConv.test_torch_conv_general) ... skipped 'requires Torch'\ntest_torch_conv_transpose_1D (test_conv_transpose.TestConvTranspose.test_torch_conv_transpose_1D) ... skipped 'requires Torch'\ntest_torch_conv_transpose_1D_grad (test_conv_transpose.TestConvTranspose.test_torch_conv_transpose_1D_grad) ... skipped 'requires Torch'\ntest_torch_conv_transpose_2D (test_conv_transpose.TestConvTranspose.test_torch_conv_transpose_2D) ... skipped 'requires Torch'\ntest_torch_conv_transpose_2D_grad (test_conv_transpose.TestConvTranspose.test_torch_conv_transpose_2D_grad) ... skipped 'requires Torch'\ntest_torch_conv_transpose_3D (test_conv_transpose.TestConvTranspose.test_torch_conv_transpose_3D) ... skipped 'requires Torch'\ntest_torch_conv_transpose_3D_grad (test_conv_transpose.TestConvTranspose.test_torch_conv_transpose_3D_grad) ... skipped 'requires Torch'\ntest_mlx_default_device (test_device.TestDefaultDevice.test_mlx_default_device) ... ok\ntest_device (test_device.TestDevice.test_device) ... ok\ntest_device_context (test_device.TestDevice.test_device_context) ... ok\ntest_op_on_device (test_device.TestDevice.test_op_on_device) ... ok\ntest_op_on_stream (test_device.TestStream.test_op_on_stream) ... ok\ntest_stream (test_device.TestStream.test_stream) ... ok\ntest_binary_ops (test_double.TestDouble.test_binary_ops) ... ok\ntest_conversion (test_double.TestDouble.test_conversion) ... ok\ntest_gemm (test_double.TestDouble.test_gemm) ... ok\ntest_get_and_set_item (test_double.TestDouble.test_get_and_set_item) ... ok\ntest_lapack (test_double.TestDouble.test_lapack) ... ok\ntest_reductions (test_double.TestDouble.test_reductions) ... ok\ntest_type_promotion (test_double.TestDouble.test_type_promotion) ... ok\ntest_unary_ops (test_double.TestDouble.test_unary_ops) ... ok\ntest_where (test_double.TestDouble.test_where) ... ok\ntest_attention (test_einsum.TestEinsum.test_attention) ... ok\ntest_broadcasting (test_einsum.TestEinsum.test_broadcasting) ... ok\ntest_ellipses (test_einsum.TestEinsum.test_ellipses) ... ok\ntest_longer_paths (test_einsum.TestEinsum.test_longer_paths) ... ok\ntest_multi_input_einsum (test_einsum.TestEinsum.test_multi_input_einsum) ... ok\ntest_opt_einsum_test_cases (test_einsum.TestEinsum.test_opt_einsum_test_cases) ... ok\ntest_simple_einsum (test_einsum.TestEinsum.test_simple_einsum) ... ok\ntest_simple_path (test_einsum.TestEinsum.test_simple_path) ... ok\ntest_sum_first (test_einsum.TestEinsum.test_sum_first) ... ok\ntest_two_input_einsum (test_einsum.TestEinsum.test_two_input_einsum) ... ok\ntest_async_eval (test_eval.TestEval.test_async_eval) ... ok\ntest_async_eval_in_trace (test_eval.TestEval.test_async_eval_in_trace) ... ok\ntest_async_eval_into_eval (test_eval.TestEval.test_async_eval_into_eval) ... ok\ntest_async_eval_into_eval_diff_stream (test_eval.TestEval.test_async_eval_into_eval_diff_stream) ... ok\ntest_async_eval_twice (test_eval.TestEval.test_async_eval_twice) ... ok\ntest_async_eval_with_multiple_streams (test_eval.TestEval.test_async_eval_with_multiple_streams) ... ok\ntest_donation_for_noops (test_eval.TestEval.test_donation_for_noops) ... ok\ntest_eval (test_eval.TestEval.test_eval) ... ok\ntest_eval_mixed (test_eval.TestEval.test_eval_mixed) ... ok\ntest_eval_slow_fast_multi_stream (test_eval.TestEval.test_eval_slow_fast_multi_stream) ... ok\ntest_multi_output_eval_during_transform (test_eval.TestEval.test_multi_output_eval_during_transform) ... ok\ntest_multistream_deadlock (test_eval.TestEval.test_multistream_deadlock) ... ok\ntest_retain_graph (test_eval.TestEval.test_retain_graph) ... ok\ntest_basic_export_import (test_export_import.TestExportImport.test_basic_export_import) ... ok\ntest_export_random_sample (test_export_import.TestExportImport.test_export_random_sample) ... ok\ntest_export_variable_inputs (test_export_import.TestExportImport.test_export_variable_inputs) ... ok\ntest_export_with_kwargs (test_export_import.TestExportImport.test_export_with_kwargs) ... ok\ntest_leaks (test_export_import.TestExportImport.test_leaks) ... ok\ntest_custom_kernel_args (test_fast.TestFast.test_custom_kernel_args) ... ok\ntest_custom_kernel_attributes (test_fast.TestFast.test_custom_kernel_attributes) ... ok\ntest_custom_kernel_basic (test_fast.TestFast.test_custom_kernel_basic) ... ok\ntest_custom_kernel_helper (test_fast.TestFast.test_custom_kernel_helper) ... ok\ntest_custom_kernel_strides (test_fast.TestFast.test_custom_kernel_strides) ... ok\ntest_fast_transforms (test_fast.TestFast.test_fast_transforms) ... ok\ntest_layer_norm (test_fast.TestFast.test_layer_norm) ... ok\ntest_layer_norm_grad (test_fast.TestFast.test_layer_norm_grad) ... ok\ntest_layer_norm_grad_no_params (test_fast.TestFast.test_layer_norm_grad_no_params) ... ok\ntest_layer_norm_grad_params (test_fast.TestFast.test_layer_norm_grad_params) ... ok\ntest_rms_norm (test_fast.TestFast.test_rms_norm) ... ok\ntest_rms_norm_grad (test_fast.TestFast.test_rms_norm_grad) ... ok\ntest_rope (test_fast.TestFast.test_rope) ... ok\ntest_rope_grad (test_fast.TestFast.test_rope_grad) ... ok\ntest_rope_with_freqs (test_fast.TestFast.test_rope_with_freqs) ... ok\ntest_slice_into_layer_norm (test_fast.TestFast.test_slice_into_layer_norm) ... ok\ntest_fast_sdpa (test_fast_sdpa.TestFastSDPA.test_fast_sdpa) ... ok\ntest_fast_sdpa_few_query (test_fast_sdpa.TestFastSDPA.test_fast_sdpa_few_query) ... ok\ntest_fast_sdpa_vector (test_fast_sdpa.TestFastSDPA.test_fast_sdpa_vector) ... ok\ntest_fast_sdpa_vector_kv_transposed_head_seq (test_fast_sdpa.TestFastSDPA.test_fast_sdpa_vector_kv_transposed_head_seq) ... ok\ntest_fast_sdpa_vector_value_dims (test_fast_sdpa.TestFastSDPA.test_fast_sdpa_vector_value_dims) ... skipped 'Different head and value dims is not enabled'\ntest_fast_sdpa (test_fast_sdpa.TestFastSelfAttentionSDPA.test_fast_sdpa) ... ok\ntest_sdpa (test_fast_sdpa.TestSDPA.test_sdpa) ... ok\ntest_sdpa_broadcast_mask (test_fast_sdpa.TestSDPA.test_sdpa_broadcast_mask) ... ok\ntest_sdpa_prommote_mask (test_fast_sdpa.TestSDPA.test_sdpa_prommote_mask) ... ok\ntest_fft (test_fft.TestFFT.test_fft) ... ok\ntest_fft_big_powers_of_two (test_fft.TestFFT.test_fft_big_powers_of_two) ... ok\ntest_fft_contiguity (test_fft.TestFFT.test_fft_contiguity) ... ok\ntest_fft_exhaustive (test_fft.TestFFT.test_fft_exhaustive) ... skipped 'Too slow for CI but useful for local testing.'\ntest_fft_large_numbers (test_fft.TestFFT.test_fft_large_numbers) ... ok\ntest_fft_shared_mem (test_fft.TestFFT.test_fft_shared_mem) ... ok\ntest_fftn (test_fft.TestFFT.test_fftn) ... ok\ntest_to_dot (test_graph.TestGraph.test_to_dot) ... ok\ntest_constant (test_init.TestInit.test_constant) ... ok\ntest_glorot_normal (test_init.TestInit.test_glorot_normal) ... ok\ntest_glorot_uniform (test_init.TestInit.test_glorot_uniform) ... ok\ntest_he_normal (test_init.TestInit.test_he_normal) ... ok\ntest_he_uniform (test_init.TestInit.test_he_uniform) ... ok\ntest_identity (test_init.TestInit.test_identity) ... ok\ntest_normal (test_init.TestInit.test_normal) ... ok\ntest_orthogonal (test_init.TestInit.test_orthogonal) ... ok\ntest_sparse (test_init.TestInit.test_sparse) ... ok\ntest_uniform (test_init.TestInit.test_uniform) ... ok\ntest_cholesky (test_linalg.TestLinalg.test_cholesky) ... ok\ntest_cholesky_inv (test_linalg.TestLinalg.test_cholesky_inv) ... ok\ntest_complex_norm (test_linalg.TestLinalg.test_complex_norm) ... ok\ntest_cross_product (test_linalg.TestLinalg.test_cross_product) ... ok\ntest_eigh (test_linalg.TestLinalg.test_eigh) ... ok\ntest_inverse (test_linalg.TestLinalg.test_inverse) ... ok\ntest_lu (test_linalg.TestLinalg.test_lu) ... ok\ntest_lu_factor (test_linalg.TestLinalg.test_lu_factor) ... ok\ntest_norm (test_linalg.TestLinalg.test_norm) ... ok\ntest_pseudo_inverse (test_linalg.TestLinalg.test_pseudo_inverse) ... ok\ntest_qr_factorization (test_linalg.TestLinalg.test_qr_factorization) ... ok\ntest_solve (test_linalg.TestLinalg.test_solve) ... ok\ntest_solve_triangular (test_linalg.TestLinalg.test_solve_triangular) ... ok\ntest_svd_decomposition (test_linalg.TestLinalg.test_svd_decomposition) ... ok\ntest_tri_inverse (test_linalg.TestLinalg.test_tri_inverse) ... ok\ntest_load_donation (test_load.TestLoad.test_load_donation) ... ok\ntest_load_f8_e4m3 (test_load.TestLoad.test_load_f8_e4m3) ... ok\ntest_non_contiguous (test_load.TestLoad.test_non_contiguous) ... ok\ntest_save_and_load (test_load.TestLoad.test_save_and_load) ... ok\ntest_save_and_load_fs (test_load.TestLoad.test_save_and_load_fs) ... ok\ntest_save_and_load_gguf (test_load.TestLoad.test_save_and_load_gguf) ... ok\ntest_save_and_load_gguf_metadata_arrays (test_load.TestLoad.test_save_and_load_gguf_metadata_arrays) ... ok\ntest_save_and_load_gguf_metadata_basic (test_load.TestLoad.test_save_and_load_gguf_metadata_basic) ... ok\ntest_save_and_load_gguf_metadata_mixed (test_load.TestLoad.test_save_and_load_gguf_metadata_mixed) ... ok\ntest_save_and_load_safetensors (test_load.TestLoad.test_save_and_load_safetensors) ... ok\ntest_savez_and_loadz (test_load.TestLoad.test_savez_and_loadz) ... ok\ntest_binary_cross_entropy (test_losses.TestLosses.test_binary_cross_entropy) ... ok\ntest_cosine_similarity_loss (test_losses.TestLosses.test_cosine_similarity_loss) ... ok\ntest_cross_entropy (test_losses.TestLosses.test_cross_entropy) ... ok\ntest_gaussian_nll_loss (test_losses.TestLosses.test_gaussian_nll_loss) ... ok\ntest_hinge_loss (test_losses.TestLosses.test_hinge_loss) ... ok\ntest_huber_loss (test_losses.TestLosses.test_huber_loss) ... ok\ntest_kl_div_loss (test_losses.TestLosses.test_kl_div_loss) ... ok\ntest_l1_loss (test_losses.TestLosses.test_l1_loss) ... ok\ntest_log_cosh_loss (test_losses.TestLosses.test_log_cosh_loss) ... ok\ntest_margin_ranking_loss (test_losses.TestLosses.test_margin_ranking_loss) ... ok\ntest_mse_loss (test_losses.TestLosses.test_mse_loss) ... ok\ntest_nll_loss (test_losses.TestLosses.test_nll_loss) ... ok\ntest_smooth_l1_loss (test_losses.TestLosses.test_smooth_l1_loss) ... ok\ntest_triplet_loss (test_losses.TestLosses.test_triplet_loss) ... ok\ntest_memory_info (test_memory.TestMemory.test_memory_info) ... ok\ntest_wired_memory (test_memory.TestMemory.test_wired_memory) ... "
    },
    {
      "name": "MPI Distributed Test",
      "status": "PASSED",
      "duration": 0.7995941638946533,
      "output": "",
      "error": null
    },
    {
      "name": "Ring Distributed Test",
      "status": "PASSED",
      "duration": 5.661240816116333,
      "output": "\u001b[32m[INFO] Running /Users/niladridas/Desktop/mlx/mlx/venv/bin/python3.13 /Users/niladridas/Desktop/mlx/mlx/python/tests/ring_test_distributed.py \u001b[0m\n\u001b[32m[INFO] Node with rank 1 completed \u001b[0m\n\u001b[32m[INFO] Node with rank 5 completed \u001b[0m\n\u001b[32m[INFO] Node with rank 4 completed \u001b[0m\n\u001b[32m[INFO] Node with rank 3 completed \u001b[0m\n\u001b[32m[INFO] Node with rank 2 completed \u001b[0m\n\u001b[32m[INFO] Node with rank 7 completed \u001b[0m\n\u001b[32m[INFO] Node with rank 0 completed \u001b[0m\n\u001b[32m[INFO] Node with rank 6 completed \u001b[0m\n",
      "error": null
    }
  ]
}